<?xml version="1.0" encoding="UTF-8"?>
<!-- Generated by org.testng.reporters.JUnitXMLReporter -->
<testsuite ignored="0" hostname="Raga" failures="0" tests="7" name="Swaglabs Test" time="144.16" errors="0" timestamp="2025-08-13T15:09:22 WIB">
  <testcase classname="com.juaracoding.swaglabs.AuthenticationTest" name="loginTest" time="16.985"/>
  <testcase classname="com.juaracoding.swaglabs.AuthenticationTest" name="loginTest" time="12.934"/>
  <testcase classname="com.juaracoding.swaglabs.AuthenticationTest" name="loginTest" time="20.572"/>
  <testcase classname="com.juaracoding.swaglabs.AuthenticationTest" name="loginTest" time="20.357"/>
  <testcase classname="com.juaracoding.swaglabs.AuthenticationTest" name="loginTest" time="19.066"/>
  <testcase classname="com.juaracoding.swaglabs.InventoryTest" name="TC0006" time="31.469"/>
  <testcase classname="com.juaracoding.swaglabs.AddToCartTest" name="TC0008" time="21.003"/>
</testsuite> <!-- Swaglabs Test -->
