<?xml version="1.0" encoding="UTF-8"?>
<!-- Generated by org.testng.reporters.JUnitXMLReporter -->
<testsuite ignored="0" hostname="Raga" failures="0" tests="5" name="Swaglabs Test" time="67.928" errors="0" timestamp="2025-08-12T16:01:49 WIB">
  <testcase classname="com.juaracoding.swaglabs.AuthenticationTest" name="loginTest" time="20.337"/>
  <testcase classname="com.juaracoding.swaglabs.AuthenticationTest" name="loginTest" time="12.515"/>
  <testcase classname="com.juaracoding.swaglabs.AuthenticationTest" name="loginTest" time="11.427"/>
  <testcase classname="com.juaracoding.swaglabs.AuthenticationTest" name="loginTest" time="12.214"/>
  <testcase classname="com.juaracoding.swaglabs.AuthenticationTest" name="loginTest" time="10.204"/>
</testsuite> <!-- Swaglabs Test -->
