<?xml version="1.0" encoding="UTF-8"?>
<testsuite xmlns:xsi="http://www.w3.org/2001/XMLSchema-instance" xsi:noNamespaceSchemaLocation="https://maven.apache.org/surefire/maven-surefire-plugin/xsd/surefire-test-report-3.0.xsd" version="3.0" name="TestSuite" time="68.815" tests="5" errors="0" skipped="0" failures="0">
  <properties>
[...]
</properties>
  <testcase name="loginTest[standard_user, secret_sauce, ](1)" classname="com.juaracoding.swaglabs.AuthenticationTest" time="20.369">
    <system-err><![CDATA[SLF4J(W): No SLF4J providers were found.
SLF4J(W): Defaulting to no-operation (NOP) logger implementation
SLF4J(W): See https://www.slf4j.org/codes.html#noProviders for further details.
]]></system-err>
  </testcase>
  <testcase name="loginTest[jonosebastian, secret_sauce, Username and password do not match any user in this service.](2)" classname="com.juaracoding.swaglabs.AuthenticationTest" time="12.473"/>
  <testcase name="loginTest[standard_user, secret_sambel, Username and password do not match any user in this service.](3)" classname="com.juaracoding.swaglabs.AuthenticationTest" time="11.428"/>
  <testcase name="loginTest[standard_user, , Password is required](4)" classname="com.juaracoding.swaglabs.AuthenticationTest" time="12.214"/>
  <testcase name="loginTest[, secret_sauce, Username is required](5)" classname="com.juaracoding.swaglabs.AuthenticationTest" time="10.204"/>
</testsuite>